[debug] [2025-01-17T12:19:03.320Z] ----------------------------------------------------------------------
[debug] [2025-01-17T12:19:03.321Z] Command:       /home/usuario/.nvm/versions/node/v23.3.0/bin/node /home/usuario/.nvm/versions/node/v23.3.0/bin/firebase init hosting
[debug] [2025-01-17T12:19:03.322Z] CLI Version:   13.28.0
[debug] [2025-01-17T12:19:03.322Z] Platform:      linux
[debug] [2025-01-17T12:19:03.322Z] Node Version:  v23.3.0
[debug] [2025-01-17T12:19:03.322Z] Time:          Fri Jan 17 2025 13:19:03 GMT+0100 (hora estándar de Europa central)
[debug] [2025-01-17T12:19:03.322Z] ----------------------------------------------------------------------
[debug] 
[debug] [2025-01-17T12:19:03.357Z] > command requires scopes: ["email","openid","https://www.googleapis.com/auth/cloudplatformprojects.readonly","https://www.googleapis.com/auth/firebase","https://www.googleapis.com/auth/cloud-platform"]
[debug] [2025-01-17T12:19:03.357Z] > authorizing via signed-in user (manuel.bernaldezcarrasco@iesvalleinclan.es)
[info] 
     ######## #### ########  ######## ########     ###     ######  ########
     ##        ##  ##     ## ##       ##     ##  ##   ##  ##       ##
     ######    ##  ########  ######   ########  #########  ######  ######
     ##        ##  ##    ##  ##       ##     ## ##     ##       ## ##
     ##       #### ##     ## ######## ########  ##     ##  ######  ########

You're about to initialize a Firebase project in this directory:

  /home/usuario/Documentos/DIU-MBC/React/Firebase-auth-article-master

Before we get started, keep in mind:

  * You are initializing within an existing Firebase project directory

[info] 
=== Project Setup
[info] 
[info] First, let's associate this project directory with a Firebase project.
[info] You can create multiple project aliases by running firebase use --add, 
[info] but for now we'll just set up a default project.
[info] 
[debug] [2025-01-17T12:19:03.359Z] Using project from CLI flag: pruebalogin-209dc
[debug] [2025-01-17T12:19:03.359Z] Checked if tokens are valid: true, expires at: 1737119662856
[debug] [2025-01-17T12:19:03.359Z] Checked if tokens are valid: true, expires at: 1737119662856
[debug] [2025-01-17T12:19:03.360Z] >>> [apiv2][query] GET https://firebase.googleapis.com/v1beta1/projects/pruebalogin-209dc [none]
[debug] [2025-01-17T12:19:03.644Z] <<< [apiv2][status] GET https://firebase.googleapis.com/v1beta1/projects/pruebalogin-209dc 200
[debug] [2025-01-17T12:19:03.644Z] <<< [apiv2][body] GET https://firebase.googleapis.com/v1beta1/projects/pruebalogin-209dc {"projectId":"pruebalogin-209dc","projectNumber":"173381074922","displayName":"PruebaLogin","name":"projects/pruebalogin-209dc","resources":{"hostingSite":"pruebalogin-209dc"},"state":"ACTIVE","etag":"1_d0281896-5fae-4488-a6b8-827d48729832"}
[info] i  Using project pruebalogin-209dc (PruebaLogin) 
[info] 
=== Hosting Setup
[debug] [2025-01-17T12:19:03.658Z] Checked if tokens are valid: true, expires at: 1737119662856
[debug] [2025-01-17T12:19:03.658Z] Checked if tokens are valid: true, expires at: 1737119662856
[debug] [2025-01-17T12:19:03.658Z] >>> [apiv2][query] GET https://firebase.googleapis.com/v1beta1/projects/pruebalogin-209dc [none]
[debug] [2025-01-17T12:19:03.853Z] <<< [apiv2][status] GET https://firebase.googleapis.com/v1beta1/projects/pruebalogin-209dc 200
[debug] [2025-01-17T12:19:03.853Z] <<< [apiv2][body] GET https://firebase.googleapis.com/v1beta1/projects/pruebalogin-209dc {"projectId":"pruebalogin-209dc","projectNumber":"173381074922","displayName":"PruebaLogin","name":"projects/pruebalogin-209dc","resources":{"hostingSite":"pruebalogin-209dc"},"state":"ACTIVE","etag":"1_d0281896-5fae-4488-a6b8-827d48729832"}
[info] 
[info] Your public directory is the folder (relative to your project directory) that
[info] will contain Hosting assets to be uploaded with firebase deploy. If you
[info] have a build process for your assets, use your build's output directory.
[info] 
